<?xml version="1.0" encoding="UTF-8"?>
<!-- Generated by org.testng.reporters.JUnitReportReporter -->
<testsuite skipped="0" hostname="ra" name="session5homework.FinalDraftSession5homework" tests="1" failures="0" timestamp="17 Dec 2019 19:48:51 GMT" time="2.576" errors="1">
  <testcase name="homework" time="2.576" classname="session5homework.FinalDraftSession5homework">
    <error type="org.openqa.selenium.SessionNotCreatedException" message="session not created: This version of ChromeDriver only supports Chrome version 77
Build info: version: &#039;3.14.0&#039;, revision: &#039;aacccce0&#039;, time: &#039;2018-08-02T20:19:58.91Z&#039;
System info: host: &#039;RA&#039;, ip: &#039;192.168.147.1&#039;, os.name: &#039;Windows 10&#039;, os.arch: &#039;amd64&#039;, os.version: &#039;10.0&#039;, java.version: &#039;1.8.0_231&#039;
Driver info: driver.version: ChromeDriver
remote stacktrace: Backtrace:
	Ordinal0 [0x00F2EB13+1501971]
	Ordinal0 [0x00EAF6D1+980689]
	Ordinal0 [0x00E3765F+489055]
	Ordinal0 [0x00DCF2F4+62196]
	Ordinal0 [0x00DCBCDA+48346]
	Ordinal0 [0x00DE9800+169984]
	Ordinal0 [0x00DE942D+169005]
	Ordinal0 [0x00DE78EB+162027]
	Ordinal0 [0x00DD0AC7+68295]
	Ordinal0 [0x00DD1B40+72512]
	Ordinal0 [0x00DD1AD9+72409]
	Ordinal0 [0x00EC8F37+1085239]
	GetHandleVerifier [0x00FCD7ED+503293]
	GetHandleVerifier [0x00FCD580+502672]
	GetHandleVerifier [0x00FD46AC+531644]
	GetHandleVerifier [0x00FCDFFA+505354]
	Ordinal0 [0x00EC0606+1050118]
	Ordinal0 [0x00EC047F+1049727]
	Ordinal0 [0x00ECAF9B+1093531]
	Ordinal0 [0x00ECB103+1093891]
	Ordinal0 [0x00ECA095+1089685]
	BaseThreadInitThunk [0x75DC8494+36]
	RtlAreBitsSet [0x774141C8+136]
	RtlAreBitsSet [0x77414198+88]
">
      <![CDATA[org.openqa.selenium.SessionNotCreatedException: session not created: This version of ChromeDriver only supports Chrome version 77
Build info: version: '3.14.0', revision: 'aacccce0', time: '2018-08-02T20:19:58.91Z'
System info: host: 'RA', ip: '192.168.147.1', os.name: 'Windows 10', os.arch: 'amd64', os.version: '10.0', java.version: '1.8.0_231'
Driver info: driver.version: ChromeDriver
remote stacktrace: Backtrace:
	Ordinal0 [0x00F2EB13+1501971]
	Ordinal0 [0x00EAF6D1+980689]
	Ordinal0 [0x00E3765F+489055]
	Ordinal0 [0x00DCF2F4+62196]
	Ordinal0 [0x00DCBCDA+48346]
	Ordinal0 [0x00DE9800+169984]
	Ordinal0 [0x00DE942D+169005]
	Ordinal0 [0x00DE78EB+162027]
	Ordinal0 [0x00DD0AC7+68295]
	Ordinal0 [0x00DD1B40+72512]
	Ordinal0 [0x00DD1AD9+72409]
	Ordinal0 [0x00EC8F37+1085239]
	GetHandleVerifier [0x00FCD7ED+503293]
	GetHandleVerifier [0x00FCD580+502672]
	GetHandleVerifier [0x00FD46AC+531644]
	GetHandleVerifier [0x00FCDFFA+505354]
	Ordinal0 [0x00EC0606+1050118]
	Ordinal0 [0x00EC047F+1049727]
	Ordinal0 [0x00ECAF9B+1093531]
	Ordinal0 [0x00ECB103+1093891]
	Ordinal0 [0x00ECA095+1089685]
	BaseThreadInitThunk [0x75DC8494+36]
	RtlAreBitsSet [0x774141C8+136]
	RtlAreBitsSet [0x77414198+88]

	at sun.reflect.NativeConstructorAccessorImpl.newInstance0(Native Method)
	at sun.reflect.NativeConstructorAccessorImpl.newInstance(NativeConstructorAccessorImpl.java:62)
	at sun.reflect.DelegatingConstructorAccessorImpl.newInstance(DelegatingConstructorAccessorImpl.java:45)
	at java.lang.reflect.Constructor.newInstance(Constructor.java:423)
	at org.openqa.selenium.remote.W3CHandshakeResponse.lambda$new$0(W3CHandshakeResponse.java:57)
	at org.openqa.selenium.remote.W3CHandshakeResponse.lambda$getResponseFunction$2(W3CHandshakeResponse.java:104)
	at org.openqa.selenium.remote.ProtocolHandshake.lambda$createSession$0(ProtocolHandshake.java:122)
	at java.util.stream.ReferencePipeline$3$1.accept(ReferencePipeline.java:193)
	at java.util.Spliterators$ArraySpliterator.tryAdvance(Spliterators.java:958)
	at java.util.stream.ReferencePipeline.forEachWithCancel(ReferencePipeline.java:126)
	at java.util.stream.AbstractPipeline.copyIntoWithCancel(AbstractPipeline.java:499)
	at java.util.stream.AbstractPipeline.copyInto(AbstractPipeline.java:486)
	at java.util.stream.AbstractPipeline.wrapAndCopyInto(AbstractPipeline.java:472)
	at java.util.stream.FindOps$FindOp.evaluateSequential(FindOps.java:152)
	at java.util.stream.AbstractPipeline.evaluate(AbstractPipeline.java:234)
	at java.util.stream.ReferencePipeline.findFirst(ReferencePipeline.java:464)
	at org.openqa.selenium.remote.ProtocolHandshake.createSession(ProtocolHandshake.java:125)
	at org.openqa.selenium.remote.ProtocolHandshake.createSession(ProtocolHandshake.java:73)
	at org.openqa.selenium.remote.HttpCommandExecutor.execute(HttpCommandExecutor.java:136)
	at org.openqa.selenium.remote.service.DriverCommandExecutor.execute(DriverCommandExecutor.java:83)
	at org.openqa.selenium.remote.RemoteWebDriver.execute(RemoteWebDriver.java:548)
	at org.openqa.selenium.remote.RemoteWebDriver.startSession(RemoteWebDriver.java:212)
	at org.openqa.selenium.remote.RemoteWebDriver.<init>(RemoteWebDriver.java:130)
	at org.openqa.selenium.chrome.ChromeDriver.<init>(ChromeDriver.java:181)
	at org.openqa.selenium.chrome.ChromeDriver.<init>(ChromeDriver.java:168)
	at org.openqa.selenium.chrome.ChromeDriver.<init>(ChromeDriver.java:123)
	at session5homework.FinalDraftSession5homework.homework(FinalDraftSession5homework.java:21)
	at sun.reflect.NativeMethodAccessorImpl.invoke0(Native Method)
	at sun.reflect.NativeMethodAccessorImpl.invoke(NativeMethodAccessorImpl.java:62)
	at sun.reflect.DelegatingMethodAccessorImpl.invoke(DelegatingMethodAccessorImpl.java:43)
	at java.lang.reflect.Method.invoke(Method.java:498)
	at org.testng.internal.MethodInvocationHelper.invokeMethod(MethodInvocationHelper.java:108)
	at org.testng.internal.Invoker.invokeMethod(Invoker.java:661)
	at org.testng.internal.Invoker.invokeTestMethod(Invoker.java:869)
	at org.testng.internal.Invoker.invokeTestMethods(Invoker.java:1193)
	at org.testng.internal.TestMethodWorker.invokeTestMethods(TestMethodWorker.java:126)
	at org.testng.internal.TestMethodWorker.run(TestMethodWorker.java:109)
	at org.testng.TestRunner.privateRun(TestRunner.java:744)
	at org.testng.TestRunner.run(TestRunner.java:602)
	at org.testng.SuiteRunner.runTest(SuiteRunner.java:380)
	at org.testng.SuiteRunner.runSequentially(SuiteRunner.java:375)
	at org.testng.SuiteRunner.privateRun(SuiteRunner.java:340)
	at org.testng.SuiteRunner.run(SuiteRunner.java:289)
	at org.testng.SuiteRunnerWorker.runSuite(SuiteRunnerWorker.java:52)
	at org.testng.SuiteRunnerWorker.run(SuiteRunnerWorker.java:86)
	at org.testng.TestNG.runSuitesSequentially(TestNG.java:1301)
	at org.testng.TestNG.runSuitesLocally(TestNG.java:1226)
	at org.testng.TestNG.runSuites(TestNG.java:1144)
	at org.testng.TestNG.run(TestNG.java:1115)
	at org.testng.remote.AbstractRemoteTestNG.run(AbstractRemoteTestNG.java:115)
	at org.testng.remote.RemoteTestNG.initAndRun(RemoteTestNG.java:251)
	at org.testng.remote.RemoteTestNG.main(RemoteTestNG.java:77)
]]>
    </error>
  </testcase> <!-- homework -->
</testsuite> <!-- session5homework.FinalDraftSession5homework -->
